<?xml version="1.0" encoding="UTF-8"?>
<!-- Generated by org.testng.reporters.JUnitReportReporter -->
<testsuite skipped="0" hostname="him-PC" name="com.qa.test.HomepageTest" tests="1" failures="0" timestamp="07 Jun 2020 18:08:29 GMT" time="100.017" errors="0">
  <testcase name="test" time="100.017" classname="com.qa.test.HomepageTest"/>
</testsuite> <!-- com.qa.test.HomepageTest -->
